<?xml version="1.0" encoding="UTF-8"?>
<!-- Generated by org.testng.reporters.JUnitXMLReporter -->
<testsuite ignored="0" hostname="DESKTOP-FDHHVLU" failures="0" tests="3" name="Default test" time="57.688" errors="0" timestamp="2026-06-10T19:49:28 IST">
  <testcase classname="testcases.Saucedemo_all_Testcase" name="login_testcase" time="7.646"/>
  <testcase classname="testcases.Saucedemo_all_Testcase" name="add_to_cart_testcase" time="9.307"/>
  <testcase classname="testcases.Saucedemo_all_Testcase" name="checkout_n_address_testcase" time="22.346"/>
</testsuite> <!-- Default test -->
