<?xml version="1.0" encoding="UTF-8"?>
<!-- Generated by org.testng.reporters.JUnitReportReporter -->
<testsuite hostname="DESKTOP-FDHHVLU" failures="0" tests="3" name="testcases.Saucedemo_all_Testcase" time="57.298" errors="0" timestamp="2026-06-10T19:49:29 IST" skipped="0">
  <testcase classname="testcases.Saucedemo_all_Testcase" name="login_testcase" time="13.884"/>
  <testcase classname="testcases.Saucedemo_all_Testcase" name="add_to_cart_testcase" time="15.407"/>
  <testcase classname="testcases.Saucedemo_all_Testcase" name="checkout_n_address_testcase" time="28.007"/>
</testsuite> <!-- testcases.Saucedemo_all_Testcase -->
