<?xml version="1.0" encoding="UTF-8"?>
<testng-results ignored="0" total="5" passed="5" failed="0" skipped="0">
  <reporter-output>
  </reporter-output>
  <suite started-at="2026-06-21T22:38:19 IST" name="BStackDemo Tests" finished-at="2026-06-21T22:40:31 IST" duration-ms="132339">
    <groups>
      <group name="cucumber">
        <method signature="AbstractTestNGCucumberTests.runScenario(io.cucumber.testng.PickleWrapper,io.cucumber.testng.FeatureWrapper)[pri:0, instance:runner.Add_to_CartRunner@4d518b32]" name="runScenario" class="io.cucumber.testng.AbstractTestNGCucumberTests"/>
        <method signature="AbstractTestNGCucumberTests.runScenario(io.cucumber.testng.PickleWrapper,io.cucumber.testng.FeatureWrapper)[pri:0, instance:runner.CheckoutRunner@4bd31064]" name="runScenario" class="io.cucumber.testng.AbstractTestNGCucumberTests"/>
        <method signature="AbstractTestNGCucumberTests.runScenario(io.cucumber.testng.PickleWrapper,io.cucumber.testng.FeatureWrapper)[pri:0, instance:runner.LoginLogoutRunner@e3c0e40]" name="runScenario" class="io.cucumber.testng.AbstractTestNGCucumberTests"/>
        <method signature="AbstractTestNGCucumberTests.runScenario(io.cucumber.testng.PickleWrapper,io.cucumber.testng.FeatureWrapper)[pri:0, instance:runner.LoginRunner@4a00d9cf]" name="runScenario" class="io.cucumber.testng.AbstractTestNGCucumberTests"/>
        <method signature="AbstractTestNGCucumberTests.runScenario(io.cucumber.testng.PickleWrapper,io.cucumber.testng.FeatureWrapper)[pri:0, instance:runner.ProductSearchRunner@14a50707]" name="runScenario" class="io.cucumber.testng.AbstractTestNGCucumberTests"/>
      </group> <!-- cucumber -->
    </groups>
    <test started-at="2026-06-21T22:38:19 IST" name="Test" finished-at="2026-06-21T22:40:31 IST" duration-ms="132339">
      <class name="runner.ProductSearchRunner">
        <test-method is-config="true" signature="setUpClass(org.testng.ITestContext)[pri:0, instance:runner.ProductSearchRunner@14a50707]" started-at="2026-06-21T22:38:46 IST" name="setUpClass" finished-at="2026-06-21T22:38:46 IST" duration-ms="12" status="PASS">
          <params>
            <param index="0">
              <value>
                <![CDATA[org.testng.TestRunner@69f2cb04]]>
              </value>
            </param>
          </params>
          <reporter-output>
          </reporter-output>
        </test-method> <!-- setUpClass -->
        <test-method signature="runScenario(io.cucumber.testng.PickleWrapper,io.cucumber.testng.FeatureWrapper)[pri:0, instance:runner.ProductSearchRunner@14a50707]" started-at="2026-06-21T22:38:46 IST" name="runScenario" description="Runs Cucumber Scenarios" data-provider="scenarios" finished-at="2026-06-21T22:39:00 IST" duration-ms="14068" status="PASS">
          <params>
            <param index="0">
              <value>
                <![CDATA["To test Search Product functionality"]]>
              </value>
            </param>
            <param index="1">
              <value>
                <![CDATA["Product Search"]]>
              </value>
            </param>
          </params>
          <reporter-output>
          </reporter-output>
        </test-method> <!-- runScenario -->
        <test-method is-config="true" signature="tearDownClass()[pri:0, instance:runner.ProductSearchRunner@14a50707]" started-at="2026-06-21T22:39:00 IST" name="tearDownClass" finished-at="2026-06-21T22:39:00 IST" duration-ms="20" status="PASS">
          <reporter-output>
          </reporter-output>
        </test-method> <!-- tearDownClass -->
      </class> <!-- runner.ProductSearchRunner -->
      <class name="runner.LoginLogoutRunner">
        <test-method is-config="true" signature="setUpClass(org.testng.ITestContext)[pri:0, instance:runner.LoginLogoutRunner@e3c0e40]" started-at="2026-06-21T22:39:55 IST" name="setUpClass" finished-at="2026-06-21T22:39:55 IST" duration-ms="19" status="PASS">
          <params>
            <param index="0">
              <value>
                <![CDATA[org.testng.TestRunner@69f2cb04]]>
              </value>
            </param>
          </params>
          <reporter-output>
          </reporter-output>
        </test-method> <!-- setUpClass -->
        <test-method signature="runScenario(io.cucumber.testng.PickleWrapper,io.cucumber.testng.FeatureWrapper)[pri:0, instance:runner.LoginLogoutRunner@e3c0e40]" started-at="2026-06-21T22:39:55 IST" name="runScenario" description="Runs Cucumber Scenarios" data-provider="scenarios" finished-at="2026-06-21T22:40:31 IST" duration-ms="36348" status="PASS">
          <params>
            <param index="0">
              <value>
                <![CDATA["To test Logout User functionality"]]>
              </value>
            </param>
            <param index="1">
              <value>
                <![CDATA["Logout Functionality"]]>
              </value>
            </param>
          </params>
          <reporter-output>
          </reporter-output>
        </test-method> <!-- runScenario -->
        <test-method is-config="true" signature="tearDownClass()[pri:0, instance:runner.LoginLogoutRunner@e3c0e40]" started-at="2026-06-21T22:40:31 IST" name="tearDownClass" finished-at="2026-06-21T22:40:31 IST" duration-ms="8" status="PASS">
          <reporter-output>
          </reporter-output>
        </test-method> <!-- tearDownClass -->
      </class> <!-- runner.LoginLogoutRunner -->
      <class name="runner.Add_to_CartRunner">
        <test-method is-config="true" signature="setUpClass(org.testng.ITestContext)[pri:0, instance:runner.Add_to_CartRunner@4d518b32]" started-at="2026-06-21T22:39:00 IST" name="setUpClass" finished-at="2026-06-21T22:39:00 IST" duration-ms="19" status="PASS">
          <params>
            <param index="0">
              <value>
                <![CDATA[org.testng.TestRunner@69f2cb04]]>
              </value>
            </param>
          </params>
          <reporter-output>
          </reporter-output>
        </test-method> <!-- setUpClass -->
        <test-method signature="runScenario(io.cucumber.testng.PickleWrapper,io.cucumber.testng.FeatureWrapper)[pri:0, instance:runner.Add_to_CartRunner@4d518b32]" started-at="2026-06-21T22:39:00 IST" name="runScenario" description="Runs Cucumber Scenarios" data-provider="scenarios" finished-at="2026-06-21T22:39:22 IST" duration-ms="22841" status="PASS">
          <params>
            <param index="0">
              <value>
                <![CDATA["To test Add to Cart Functionality"]]>
              </value>
            </param>
            <param index="1">
              <value>
                <![CDATA["Add to Cart Functionality"]]>
              </value>
            </param>
          </params>
          <reporter-output>
          </reporter-output>
        </test-method> <!-- runScenario -->
        <test-method is-config="true" signature="tearDownClass()[pri:0, instance:runner.Add_to_CartRunner@4d518b32]" started-at="2026-06-21T22:39:22 IST" name="tearDownClass" finished-at="2026-06-21T22:39:22 IST" duration-ms="12" status="PASS">
          <reporter-output>
          </reporter-output>
        </test-method> <!-- tearDownClass -->
      </class> <!-- runner.Add_to_CartRunner -->
      <class name="runner.LoginRunner">
        <test-method is-config="true" signature="setUpClass(org.testng.ITestContext)[pri:0, instance:runner.LoginRunner@4a00d9cf]" started-at="2026-06-21T22:38:19 IST" name="setUpClass" finished-at="2026-06-21T22:38:20 IST" duration-ms="861" status="PASS">
          <params>
            <param index="0">
              <value>
                <![CDATA[org.testng.TestRunner@69f2cb04]]>
              </value>
            </param>
          </params>
          <reporter-output>
          </reporter-output>
        </test-method> <!-- setUpClass -->
        <test-method signature="runScenario(io.cucumber.testng.PickleWrapper,io.cucumber.testng.FeatureWrapper)[pri:0, instance:runner.LoginRunner@4a00d9cf]" started-at="2026-06-21T22:38:20 IST" name="runScenario" description="Runs Cucumber Scenarios" data-provider="scenarios" finished-at="2026-06-21T22:38:45 IST" duration-ms="25421" status="PASS">
          <params>
            <param index="0">
              <value>
                <![CDATA["To Test Login functionality with valid username and valid password"]]>
              </value>
            </param>
            <param index="1">
              <value>
                <![CDATA["Login Functionality"]]>
              </value>
            </param>
          </params>
          <reporter-output>
          </reporter-output>
        </test-method> <!-- runScenario -->
        <test-method is-config="true" signature="tearDownClass()[pri:0, instance:runner.LoginRunner@4a00d9cf]" started-at="2026-06-21T22:38:45 IST" name="tearDownClass" finished-at="2026-06-21T22:38:46 IST" duration-ms="29" status="PASS">
          <reporter-output>
          </reporter-output>
        </test-method> <!-- tearDownClass -->
      </class> <!-- runner.LoginRunner -->
      <class name="runner.CheckoutRunner">
        <test-method is-config="true" signature="setUpClass(org.testng.ITestContext)[pri:0, instance:runner.CheckoutRunner@4bd31064]" started-at="2026-06-21T22:39:22 IST" name="setUpClass" finished-at="2026-06-21T22:39:22 IST" duration-ms="13" status="PASS">
          <params>
            <param index="0">
              <value>
                <![CDATA[org.testng.TestRunner@69f2cb04]]>
              </value>
            </param>
          </params>
          <reporter-output>
          </reporter-output>
        </test-method> <!-- setUpClass -->
        <test-method signature="runScenario(io.cucumber.testng.PickleWrapper,io.cucumber.testng.FeatureWrapper)[pri:0, instance:runner.CheckoutRunner@4bd31064]" started-at="2026-06-21T22:39:22 IST" name="runScenario" description="Runs Cucumber Scenarios" data-provider="scenarios" finished-at="2026-06-21T22:39:55 IST" duration-ms="32587" status="PASS">
          <params>
            <param index="0">
              <value>
                <![CDATA["To test Place Order functionality"]]>
              </value>
            </param>
            <param index="1">
              <value>
                <![CDATA["Checkout Functionality"]]>
              </value>
            </param>
          </params>
          <reporter-output>
          </reporter-output>
        </test-method> <!-- runScenario -->
        <test-method is-config="true" signature="tearDownClass()[pri:0, instance:runner.CheckoutRunner@4bd31064]" started-at="2026-06-21T22:39:55 IST" name="tearDownClass" finished-at="2026-06-21T22:39:55 IST" duration-ms="14" status="PASS">
          <reporter-output>
          </reporter-output>
        </test-method> <!-- tearDownClass -->
      </class> <!-- runner.CheckoutRunner -->
    </test> <!-- Test -->
  </suite> <!-- BStackDemo Tests -->
</testng-results>
